<?xml version='1.0' encoding='UTF-8'?>
<testsuite hostname="ygh-ThinkPad-E550" name="TestTool" tests="11" errors="0" failures="0" skipped="0" time="0.897">
                     <properties>
[...]
</properties>
                     <testcase classname="TestTool" name="A MD5 method should executed right" time="0.032">
                                                 
                                               </testcase><testcase classname="TestTool" name="A username [hell1] should not access username checke" time="0.003">
                                                 
                                               </testcase><testcase classname="TestTool" name="A username [12341234] should not access username checke" time="0.001">
                                                 
                                               </testcase><testcase classname="TestTool" name="A username qwer1234 should access username check" time="0.004">
                                                 
                                               </testcase><testcase classname="TestTool" name="A password [hell1] should not access username checke" time="0.002">
                                                 
                                               </testcase><testcase classname="TestTool" name="A password [12341234] should not access username checke" time="0.001">
                                                 
                                               </testcase><testcase classname="TestTool" name="A password qwer1234 should access username check" time="0.001">
                                                 
                                               </testcase><testcase classname="TestTool" name="com] should access check" time="0.002">
                                                 
                                               </testcase><testcase classname="TestTool" name="com] should not access check" time="0.001">
                                                 
                                               </testcase><testcase classname="TestTool" name="A Chinese [袁国浩] translate into pinyin should equal yuanguohao" time="0.847">
                                                 
                                               </testcase><testcase classname="TestTool" name="A city name for example [杭州] translate pinyin should equal Hangzhou" time="0.003">
                                                 
                                               </testcase>
                     <system-out><![CDATA[]]></system-out>
                     <system-err><![CDATA[]]></system-err>
                   </testsuite>