<?xml version='1.0' encoding='UTF-8'?>
<testsuite hostname="ygh-ThinkPad-E550" name="ScalaCheckStyle" tests="1" errors="0" failures="1" skipped="0" time="0.237">
                     <properties>
[...]
</properties>
                     <testcase classname="ScalaCheckStyle" name="Lists should statisfy following" time="0.237">
                                                 <failure message="TestFailedException was thrown during property evaluation.
  Message: 0 was greater than or equal to 0, and 0 was greater than or equal to 0, but 0 was not less than 0
  Location: (ShowScalaCheckStyle.scala:33)
  Occurred when passed generated values (
    arg0 = 0, // 31 shrinks
    arg1 = 0 // 32 shrinks
  )" type="org.scalatest.exceptions.GeneratorDrivenPropertyCheckFailedException">org.scalatest.exceptions.GeneratorDrivenPropertyCheckFailedException: TestFailedException was thrown during property evaluation.
  Message: 0 was greater than or equal to 0, and 0 was greater than or equal to 0, but 0 was not less than 0
  Location: (ShowScalaCheckStyle.scala:33)
  Occurred when passed generated values (
    arg0 = 0, // 31 shrinks
    arg1 = 0 // 32 shrinks
  )
	at org.scalatest.enablers.CheckerAsserting$$anon$2.indicateFailure(CheckerAsserting.scala:232)
	at org.scalatest.enablers.CheckerAsserting$$anon$2.indicateFailure(CheckerAsserting.scala:220)
	at org.scalatest.enablers.UnitCheckerAsserting$CheckerAssertingImpl.check(CheckerAsserting.scala:159)
	at org.scalatest.prop.GeneratorDrivenPropertyChecks.forAll(GeneratorDrivenPropertyChecks.scala:1041)
	at org.scalatest.prop.GeneratorDrivenPropertyChecks.forAll$(GeneratorDrivenPropertyChecks.scala:1016)
	at ScalaCheckStyle.forAll(ShowScalaCheckStyle.scala:7)
	at ScalaCheckStyle.$anonfun$new$1(ShowScalaCheckStyle.scala:31)
	at org.scalatest.OutcomeOf.outcomeOf(OutcomeOf.scala:85)
	at org.scalatest.OutcomeOf.outcomeOf$(OutcomeOf.scala:83)
	at org.scalatest.OutcomeOf$.outcomeOf(OutcomeOf.scala:104)
	at org.scalatest.Transformer.apply(Transformer.scala:22)
	at org.scalatest.Transformer.apply(Transformer.scala:20)
	at org.scalatest.FlatSpecLike$$anon$1.apply(FlatSpecLike.scala:1682)
	at org.scalatest.TestSuite.withFixture(TestSuite.scala:196)
	at org.scalatest.TestSuite.withFixture$(TestSuite.scala:195)
	at org.scalatest.FlatSpec.withFixture(FlatSpec.scala:1685)
	at org.scalatest.FlatSpecLike.invokeWithFixture$1(FlatSpecLike.scala:1680)
	at org.scalatest.FlatSpecLike.$anonfun$runTest$1(FlatSpecLike.scala:1692)
	at org.scalatest.SuperEngine.runTestImpl(Engine.scala:289)
	at org.scalatest.FlatSpecLike.runTest(FlatSpecLike.scala:1692)
	at org.scalatest.FlatSpecLike.runTest$(FlatSpecLike.scala:1674)
	at org.scalatest.FlatSpec.runTest(FlatSpec.scala:1685)
	at org.scalatest.FlatSpecLike.$anonfun$runTests$1(FlatSpecLike.scala:1750)
	at org.scalatest.SuperEngine.$anonfun$runTestsInBranch$1(Engine.scala:396)
	at scala.collection.immutable.List.foreach(List.scala:389)
	at org.scalatest.SuperEngine.traverseSubNodes$1(Engine.scala:384)
	at org.scalatest.SuperEngine.runTestsInBranch(Engine.scala:373)
	at org.scalatest.SuperEngine.$anonfun$runTestsInBranch$1(Engine.scala:410)
	at scala.collection.immutable.List.foreach(List.scala:389)
	at org.scalatest.SuperEngine.traverseSubNodes$1(Engine.scala:384)
	at org.scalatest.SuperEngine.runTestsInBranch(Engine.scala:379)
	at org.scalatest.SuperEngine.runTestsImpl(Engine.scala:461)
	at org.scalatest.FlatSpecLike.runTests(FlatSpecLike.scala:1750)
	at org.scalatest.FlatSpecLike.runTests$(FlatSpecLike.scala:1749)
	at org.scalatest.FlatSpec.runTests(FlatSpec.scala:1685)
	at org.scalatest.Suite.run(Suite.scala:1147)
	at org.scalatest.Suite.run$(Suite.scala:1129)
	at org.scalatest.FlatSpec.org$scalatest$FlatSpecLike$$super$run(FlatSpec.scala:1685)
	at org.scalatest.FlatSpecLike.$anonfun$run$1(FlatSpecLike.scala:1795)
	at org.scalatest.SuperEngine.runImpl(Engine.scala:521)
	at org.scalatest.FlatSpecLike.run(FlatSpecLike.scala:1795)
	at org.scalatest.FlatSpecLike.run$(FlatSpecLike.scala:1793)
	at org.scalatest.FlatSpec.run(FlatSpec.scala:1685)
	at org.scalatest.tools.Framework.org$scalatest$tools$Framework$$runSuite(Framework.scala:314)
	at org.scalatest.tools.Framework$ScalaTestTask.execute(Framework.scala:507)
	at sbt.TestRunner.runTest$1(TestFramework.scala:102)
	at sbt.TestRunner.run(TestFramework.scala:113)
	at sbt.TestFramework$$anon$2$$anonfun$$lessinit$greater$1.$anonfun$apply$1(TestFramework.scala:258)
	at sbt.TestFramework$.sbt$TestFramework$$withContextLoader(TestFramework.scala:229)
	at sbt.TestFramework$$anon$2$$anonfun$$lessinit$greater$1.apply(TestFramework.scala:258)
	at sbt.TestFramework$$anon$2$$anonfun$$lessinit$greater$1.apply(TestFramework.scala:258)
	at sbt.TestFunction.apply(TestFramework.scala:267)
	at sbt.Tests$.$anonfun$toTask$1(Tests.scala:277)
	at sbt.std.Transform$$anon$3.$anonfun$apply$2(System.scala:44)
	at sbt.std.Transform$$anon$4.work(System.scala:64)
	at sbt.Execute.$anonfun$submit$2(Execute.scala:257)
	at sbt.internal.util.ErrorHandling$.wideConvert(ErrorHandling.scala:16)
	at sbt.Execute.work(Execute.scala:266)
	at sbt.Execute.$anonfun$submit$1(Execute.scala:257)
	at sbt.ConcurrentRestrictions$$anon$4.$anonfun$submitValid$1(ConcurrentRestrictions.scala:167)
	at sbt.CompletionService$$anon$2.call(CompletionService.scala:32)
	at java.util.concurrent.FutureTask.run(FutureTask.java:266)
	at java.util.concurrent.Executors$RunnableAdapter.call(Executors.java:511)
	at java.util.concurrent.FutureTask.run(FutureTask.java:266)
	at java.util.concurrent.ThreadPoolExecutor.runWorker(ThreadPoolExecutor.java:1149)
	at java.util.concurrent.ThreadPoolExecutor$Worker.run(ThreadPoolExecutor.java:624)
	at java.lang.Thread.run(Thread.java:748)
Caused by: org.scalatest.exceptions.TestFailedException: 0 was greater than or equal to 0, and 0 was greater than or equal to 0, but 0 was not less than 0
	at org.scalatest.MatchersHelper$.indicateFailure(MatchersHelper.scala:340)
	at org.scalatest.Matchers$ShouldMethodHelper$.shouldMatcher(Matchers.scala:6668)
	at org.scalatest.Matchers$AnyShouldWrapper.should(Matchers.scala:6704)
	at ScalaCheckStyle.$anonfun$new$2(ShowScalaCheckStyle.scala:33)
	at ScalaCheckStyle.$anonfun$new$2$adapted(ShowScalaCheckStyle.scala:31)
	at org.scalatest.prop.GeneratorDrivenPropertyChecks.liftedTree11$1(GeneratorDrivenPropertyChecks.scala:1028)
	at org.scalatest.prop.GeneratorDrivenPropertyChecks.$anonfun$forAll$13(GeneratorDrivenPropertyChecks.scala:1027)
	at org.scalacheck.Prop$.$anonfun$forAll$18(Prop.scala:870)
	at scala.Function1.$anonfun$andThen$1(Function1.scala:52)
	at org.scalacheck.Prop$.$anonfun$forAllShrink$2(Prop.scala:712)
	at org.scalacheck.Prop$.secure(Prop.scala:456)
	at org.scalacheck.Prop$.result$1(Prop.scala:712)
	at org.scalacheck.Prop$.$anonfun$forAllShrink$4(Prop.scala:719)
	at scala.collection.immutable.Stream.map(Stream.scala:415)
	at org.scalacheck.Prop$.getFirstFailure$1(Prop.scala:719)
	at org.scalacheck.Prop$.shrinker$1(Prop.scala:729)
	at org.scalacheck.Prop$.$anonfun$forAllShrink$1(Prop.scala:751)
	at org.scalacheck.Prop$.$anonfun$apply$1(Prop.scala:292)
	at org.scalacheck.PropFromFun.apply(Prop.scala:22)
	at org.scalacheck.Prop$.result$1(Prop.scala:713)
	at org.scalacheck.Prop$.$anonfun$forAllShrink$4(Prop.scala:719)
	at scala.collection.immutable.Stream.map(Stream.scala:415)
	at org.scalacheck.Prop$.getFirstFailure$1(Prop.scala:719)
	at org.scalacheck.Prop$.shrinker$1(Prop.scala:729)
	at org.scalacheck.Prop$.$anonfun$forAllShrink$1(Prop.scala:751)
	at org.scalacheck.Prop$.$anonfun$apply$1(Prop.scala:292)
	at org.scalacheck.PropFromFun.apply(Prop.scala:22)
	at org.scalacheck.Test$.workerFun$1(Test.scala:294)
	at org.scalacheck.Test$.$anonfun$check$1(Test.scala:323)
	at org.scalacheck.Test$.$anonfun$check$1$adapted(Test.scala:323)
	at org.scalacheck.Platform$.runWorkers(Platform.scala:40)
	at org.scalacheck.Test$.check(Test.scala:323)
	at org.scalatest.enablers.UnitCheckerAsserting$CheckerAssertingImpl.check(CheckerAsserting.scala:89)
	... 64 more
</failure>
                                               </testcase>
                     <system-out><![CDATA[]]></system-out>
                     <system-err><![CDATA[]]></system-err>
                   </testsuite>